2019-07-02 18:01:30,954 - BrowserEngine - INFO - You had select Chrome browser. 
2019-07-02 18:01:30,955 - BrowserEngine - INFO - The test server url is https://pmtest.chinacsci.com/zzxypmf/ 
2019-07-02 18:01:30,955 - BrowserEngine - INFO - The test username is "lidl" 
2019-07-02 18:02:09,690 - BrowserEngine - INFO - Starting Chorme browser 
2019-07-02 18:02:19,138 - BrowserEngine - INFO - Open url https://pmtest.chinacsci.com/zzxypmf/ 
2019-07-02 18:02:19,194 - BrowserEngine - INFO - Set implicitly wait 10 seconds 
2019-07-02 18:04:18,355 - BrowserEngine - INFO - You had select Chrome browser. 
2019-07-02 18:04:18,356 - BrowserEngine - INFO - The test server url is https://pmtest.chinacsci.com/zzxypmf/ 
2019-07-02 18:04:18,357 - BrowserEngine - INFO - The test username is "lidl" 
2019-07-02 18:04:28,278 - BrowserEngine - INFO - Starting Chorme browser 
2019-07-02 18:04:31,729 - BrowserEngine - INFO - Open url https://pmtest.chinacsci.com/zzxypmf/ 
2019-07-02 18:04:31,730 - BrowserEngine - INFO - Set implicitly wait 10 seconds 
2019-07-02 18:05:38,481 - BrowserEngine - INFO - You had select Chrome browser. 
2019-07-02 18:05:38,482 - BrowserEngine - INFO - The test server url is https://pmtest.chinacsci.com/zzxypmf/ 
2019-07-02 18:05:38,482 - BrowserEngine - INFO - The test username is "lidl" 
2019-07-02 18:05:48,076 - BrowserEngine - INFO - Starting Chorme browser 
2019-07-02 18:05:50,673 - BrowserEngine - INFO - Open url https://pmtest.chinacsci.com/zzxypmf/ 
2019-07-02 18:05:50,675 - BrowserEngine - INFO - Set implicitly wait 10 seconds 
2019-07-02 18:06:23,700 - BrowserEngine - INFO - You had select Chrome browser. 
2019-07-02 18:06:23,701 - BrowserEngine - INFO - The test server url is https://pmtest.chinacsci.com/zzxypmf/ 
2019-07-02 18:06:23,701 - BrowserEngine - INFO - The test username is "lidl" 
2019-07-02 18:06:32,803 - BrowserEngine - INFO - Starting Chorme browser 
2019-07-02 18:06:35,277 - BrowserEngine - INFO - Open url https://pmtest.chinacsci.com/zzxypmf/ 
2019-07-02 18:06:35,279 - BrowserEngine - INFO - Set implicitly wait 10 seconds 
2019-07-02 18:07:30,432 - BrowserEngine - INFO - You had select Chrome browser. 
2019-07-02 18:07:30,432 - BrowserEngine - INFO - The test server url is https://pmtest.chinacsci.com/zzxypmf/ 
2019-07-02 18:07:30,432 - BrowserEngine - INFO - The test username is "lidl" 
2019-07-02 18:07:41,652 - BrowserEngine - INFO - Starting Chorme browser 
2019-07-02 18:07:42,412 - BrowserEngine - INFO - Open url https://pmtest.chinacsci.com/zzxypmf/ 
2019-07-02 18:07:42,417 - BrowserEngine - INFO - Set implicitly wait 10 seconds 
2019-07-02 18:08:27,897 - BrowserEngine - INFO - You had select Chrome browser. 
2019-07-02 18:08:27,898 - BrowserEngine - INFO - The test server url is https://pmtest.chinacsci.com/zzxypmf/ 
2019-07-02 18:08:27,898 - BrowserEngine - INFO - The test username is "lidl" 
2019-07-02 18:08:33,247 - BrowserEngine - INFO - Starting Chorme browser 
2019-07-02 18:08:35,794 - BrowserEngine - INFO - Open url https://pmtest.chinacsci.com/zzxypmf/ 
2019-07-02 18:08:35,795 - BrowserEngine - INFO - Set implicitly wait 10 seconds 
2019-07-02 18:09:16,938 - BrowserEngine - INFO - You had select Chrome browser. 
2019-07-02 18:09:16,939 - BrowserEngine - INFO - The test server url is https://pmtest.chinacsci.com/zzxypmf/ 
2019-07-02 18:09:16,939 - BrowserEngine - INFO - The test username is "lidl" 
2019-07-02 18:09:23,357 - BrowserEngine - INFO - Starting Chorme browser 
2019-07-02 18:09:24,740 - BrowserEngine - INFO - Open url https://pmtest.chinacsci.com/zzxypmf/ 
2019-07-02 18:09:24,747 - BrowserEngine - INFO - Set implicitly wait 10 seconds 
2019-07-02 18:10:03,290 - BrowserEngine - INFO - You had select Chrome browser. 
2019-07-02 18:10:03,291 - BrowserEngine - INFO - The test server url is https://pmtest.chinacsci.com/zzxypmf/ 
2019-07-02 18:10:03,291 - BrowserEngine - INFO - The test username is "lidl" 
2019-07-02 18:10:14,529 - BrowserEngine - INFO - Starting Chorme browser 
2019-07-02 18:10:16,305 - BrowserEngine - INFO - Open url https://pmtest.chinacsci.com/zzxypmf/ 
2019-07-02 18:10:16,307 - BrowserEngine - INFO - Set implicitly wait 10 seconds 
2019-07-02 18:11:24,301 - BrowserEngine - INFO - You had select Chrome browser. 
2019-07-02 18:11:24,302 - BrowserEngine - INFO - The test server url is https://pmtest.chinacsci.com/zzxypmf/ 
2019-07-02 18:11:24,303 - BrowserEngine - INFO - The test username is "lidl" 
2019-07-02 18:11:34,116 - BrowserEngine - INFO - Starting Chorme browser 
2019-07-02 18:11:35,578 - BrowserEngine - INFO - Open url https://pmtest.chinacsci.com/zzxypmf/ 
2019-07-02 18:11:35,580 - BrowserEngine - INFO - Set implicitly wait 10 seconds 
2019-07-02 18:12:21,095 - BrowserEngine - INFO - You had select Chrome browser. 
2019-07-02 18:12:21,095 - BrowserEngine - INFO - The test server url is https://pmtest.chinacsci.com/zzxypmf/ 
2019-07-02 18:12:21,095 - BrowserEngine - INFO - The test username is "lidl" 
2019-07-02 18:12:33,501 - BrowserEngine - INFO - Starting Chorme browser 
2019-07-02 18:12:34,667 - BrowserEngine - INFO - Open url https://pmtest.chinacsci.com/zzxypmf/ 
2019-07-02 18:12:34,669 - BrowserEngine - INFO - Set implicitly wait 10 seconds 
2019-07-02 18:13:26,000 - BrowserEngine - INFO - You had select Chrome browser. 
2019-07-02 18:13:26,000 - BrowserEngine - INFO - The test server url is https://pmtest.chinacsci.com/zzxypmf/ 
2019-07-02 18:13:26,001 - BrowserEngine - INFO - The test username is "lidl" 
2019-07-02 18:13:37,908 - BrowserEngine - INFO - Starting Chorme browser 
2019-07-02 18:13:40,670 - BrowserEngine - INFO - Open url https://pmtest.chinacsci.com/zzxypmf/ 
2019-07-02 18:13:40,671 - BrowserEngine - INFO - Set implicitly wait 10 seconds 
2019-07-02 18:14:35,471 - BrowserEngine - INFO - You had select Chrome browser. 
2019-07-02 18:14:35,471 - BrowserEngine - INFO - The test server url is https://pmtest.chinacsci.com/zzxypmf/ 
2019-07-02 18:14:35,472 - BrowserEngine - INFO - The test username is "lidl" 
2019-07-02 18:14:39,715 - BrowserEngine - INFO - Starting Chorme browser 
2019-07-02 18:14:42,148 - BrowserEngine - INFO - Open url https://pmtest.chinacsci.com/zzxypmf/ 
2019-07-02 18:14:42,149 - BrowserEngine - INFO - Set implicitly wait 10 seconds 
2019-07-02 18:15:12,178 - BrowserEngine - INFO - You had select Chrome browser. 
2019-07-02 18:15:12,178 - BrowserEngine - INFO - The test server url is https://pmtest.chinacsci.com/zzxypmf/ 
2019-07-02 18:15:12,178 - BrowserEngine - INFO - The test username is "lidl" 
2019-07-02 18:15:15,410 - BrowserEngine - INFO - Starting Chorme browser 
2019-07-02 18:15:19,063 - BrowserEngine - INFO - Open url https://pmtest.chinacsci.com/zzxypmf/ 
2019-07-02 18:15:19,065 - BrowserEngine - INFO - Set implicitly wait 10 seconds 
2019-07-02 18:16:10,556 - BrowserEngine - INFO - You had select Chrome browser. 
2019-07-02 18:16:10,557 - BrowserEngine - INFO - The test server url is https://pmtest.chinacsci.com/zzxypmf/ 
2019-07-02 18:16:10,557 - BrowserEngine - INFO - The test username is "lidl" 
2019-07-02 18:16:16,806 - BrowserEngine - INFO - Starting Chorme browser 
2019-07-02 18:16:18,206 - BrowserEngine - INFO - Open url https://pmtest.chinacsci.com/zzxypmf/ 
2019-07-02 18:16:18,210 - BrowserEngine - INFO - Set implicitly wait 10 seconds 
2019-07-02 18:16:51,635 - BrowserEngine - INFO - You had select Chrome browser. 
2019-07-02 18:16:51,635 - BrowserEngine - INFO - The test server url is https://pmtest.chinacsci.com/zzxypmf/ 
2019-07-02 18:16:51,635 - BrowserEngine - INFO - The test username is "lidl" 
2019-07-02 18:17:04,762 - BrowserEngine - INFO - Starting Chorme browser 
2019-07-02 18:17:05,805 - BrowserEngine - INFO - Open url https://pmtest.chinacsci.com/zzxypmf/ 
2019-07-02 18:17:05,808 - BrowserEngine - INFO - Set implicitly wait 10 seconds 
2019-07-02 18:18:07,255 - BrowserEngine - INFO - You had select Chrome browser. 
2019-07-02 18:18:07,256 - BrowserEngine - INFO - The test server url is https://pmtest.chinacsci.com/zzxypmf/ 
2019-07-02 18:18:07,256 - BrowserEngine - INFO - The test username is "lidl" 
2019-07-02 18:18:17,783 - BrowserEngine - INFO - Starting Chorme browser 
2019-07-02 18:18:20,187 - BrowserEngine - INFO - Open url https://pmtest.chinacsci.com/zzxypmf/ 
2019-07-02 18:18:20,193 - BrowserEngine - INFO - Set implicitly wait 10 seconds 
2019-07-02 18:19:04,598 - BrowserEngine - INFO - You had select Chrome browser. 
2019-07-02 18:19:04,598 - BrowserEngine - INFO - The test server url is https://pmtest.chinacsci.com/zzxypmf/ 
2019-07-02 18:19:04,598 - BrowserEngine - INFO - The test username is "lidl" 
2019-07-02 18:19:22,440 - BrowserEngine - INFO - Starting Chorme browser 
2019-07-02 18:19:23,261 - BrowserEngine - INFO - Open url https://pmtest.chinacsci.com/zzxypmf/ 
2019-07-02 18:19:23,263 - BrowserEngine - INFO - Set implicitly wait 10 seconds 
2019-07-02 18:20:36,965 - BrowserEngine - INFO - You had select Chrome browser. 
2019-07-02 18:20:36,965 - BrowserEngine - INFO - The test server url is https://pmtest.chinacsci.com/zzxypmf/ 
2019-07-02 18:20:36,965 - BrowserEngine - INFO - The test username is "lidl" 
2019-07-02 18:20:44,769 - BrowserEngine - INFO - Starting Chorme browser 
2019-07-02 18:20:45,791 - BrowserEngine - INFO - Open url https://pmtest.chinacsci.com/zzxypmf/ 
2019-07-02 18:20:45,793 - BrowserEngine - INFO - Set implicitly wait 10 seconds 
2019-07-02 18:21:17,291 - BrowserEngine - INFO - You had select Chrome browser. 
2019-07-02 18:21:17,292 - BrowserEngine - INFO - The test server url is https://pmtest.chinacsci.com/zzxypmf/ 
2019-07-02 18:21:17,292 - BrowserEngine - INFO - The test username is "lidl" 
2019-07-02 18:21:24,582 - BrowserEngine - INFO - Starting Chorme browser 
2019-07-02 18:21:26,113 - BrowserEngine - INFO - Open url https://pmtest.chinacsci.com/zzxypmf/ 
2019-07-02 18:21:26,116 - BrowserEngine - INFO - Set implicitly wait 10 seconds 
2019-07-02 18:22:14,888 - BrowserEngine - INFO - You had select Chrome browser. 
2019-07-02 18:22:14,888 - BrowserEngine - INFO - The test server url is https://pmtest.chinacsci.com/zzxypmf/ 
2019-07-02 18:22:14,888 - BrowserEngine - INFO - The test username is "lidl" 
2019-07-02 18:22:27,743 - BrowserEngine - INFO - Starting Chorme browser 
2019-07-02 18:22:29,715 - BrowserEngine - INFO - Open url https://pmtest.chinacsci.com/zzxypmf/ 
2019-07-02 18:22:29,717 - BrowserEngine - INFO - Set implicitly wait 10 seconds 
2019-07-02 18:23:43,702 - BrowserEngine - INFO - You had select Chrome browser. 
2019-07-02 18:23:43,703 - BrowserEngine - INFO - The test server url is https://pmtest.chinacsci.com/zzxypmf/ 
2019-07-02 18:23:43,703 - BrowserEngine - INFO - The test username is "lidl" 
2019-07-02 18:23:48,997 - BrowserEngine - INFO - Starting Chorme browser 
2019-07-02 18:23:50,533 - BrowserEngine - INFO - Open url https://pmtest.chinacsci.com/zzxypmf/ 
2019-07-02 18:23:50,537 - BrowserEngine - INFO - Set implicitly wait 10 seconds 
2019-07-02 18:26:11,331 - BrowserEngine - INFO - You had select Chrome browser. 
2019-07-02 18:26:11,331 - BrowserEngine - INFO - The test server url is https://pmtest.chinacsci.com/zzxypmf/ 
2019-07-02 18:26:11,331 - BrowserEngine - INFO - The test username is "lidl" 
2019-07-02 18:26:21,714 - BrowserEngine - INFO - Starting Chorme browser 
2019-07-02 18:26:23,084 - BrowserEngine - INFO - Open url https://pmtest.chinacsci.com/zzxypmf/ 
2019-07-02 18:26:23,086 - BrowserEngine - INFO - Set implicitly wait 10 seconds 
2019-07-02 18:26:53,572 - BrowserEngine - INFO - You had select Chrome browser. 
2019-07-02 18:26:53,572 - BrowserEngine - INFO - The test server url is https://pmtest.chinacsci.com/zzxypmf/ 
2019-07-02 18:26:53,572 - BrowserEngine - INFO - The test username is "lidl" 
2019-07-02 18:27:06,714 - BrowserEngine - INFO - Starting Chorme browser 
2019-07-02 18:27:07,493 - BrowserEngine - INFO - Open url https://pmtest.chinacsci.com/zzxypmf/ 
2019-07-02 18:27:07,503 - BrowserEngine - INFO - Set implicitly wait 10 seconds 
2019-07-02 18:27:51,447 - BrowserEngine - INFO - You had select Chrome browser. 
2019-07-02 18:27:51,447 - BrowserEngine - INFO - The test server url is https://pmtest.chinacsci.com/zzxypmf/ 
2019-07-02 18:27:51,447 - BrowserEngine - INFO - The test username is "lidl" 
2019-07-02 18:28:02,538 - BrowserEngine - INFO - Starting Chorme browser 
2019-07-02 18:28:03,103 - BrowserEngine - INFO - Open url https://pmtest.chinacsci.com/zzxypmf/ 
2019-07-02 18:28:03,117 - BrowserEngine - INFO - Set implicitly wait 10 seconds 
2019-07-02 18:29:25,325 - BrowserEngine - INFO - You had select Chrome browser. 
2019-07-02 18:29:25,325 - BrowserEngine - INFO - The test server url is https://pmtest.chinacsci.com/zzxypmf/ 
2019-07-02 18:29:25,326 - BrowserEngine - INFO - The test username is "lidl" 
2019-07-02 18:29:35,181 - BrowserEngine - INFO - Starting Chorme browser 
2019-07-02 18:29:37,628 - BrowserEngine - INFO - Open url https://pmtest.chinacsci.com/zzxypmf/ 
2019-07-02 18:29:37,644 - BrowserEngine - INFO - Set implicitly wait 10 seconds 
2019-07-02 18:30:33,688 - BrowserEngine - INFO - You had select Chrome browser. 
2019-07-02 18:30:33,689 - BrowserEngine - INFO - The test server url is https://pmtest.chinacsci.com/zzxypmf/ 
2019-07-02 18:30:33,689 - BrowserEngine - INFO - The test username is "lidl" 
2019-07-02 18:30:43,908 - BrowserEngine - INFO - Starting Chorme browser 
2019-07-02 18:30:44,624 - BrowserEngine - INFO - Open url https://pmtest.chinacsci.com/zzxypmf/ 
2019-07-02 18:30:44,626 - BrowserEngine - INFO - Set implicitly wait 10 seconds 
