2019-07-02 17:11:02,409 - BrowserEngine - INFO - You had select Chrome browser. 
2019-07-02 17:11:02,458 - BrowserEngine - INFO - The test server url is https://pmtest.chinacsci.com/zzxypmf/ 
2019-07-02 17:11:02,459 - BrowserEngine - INFO - The test username is "lidl" 
2019-07-02 17:11:22,486 - BrowserEngine - INFO - Starting Chorme browser 
2019-07-02 17:11:24,450 - BrowserEngine - INFO - Open url https://pmtest.chinacsci.com/zzxypmf/ 
2019-07-02 17:11:24,462 - BrowserEngine - INFO - Set implicitly wait 10 seconds 
2019-07-02 17:12:32,615 - BrowserEngine - INFO - You had select Chrome browser. 
2019-07-02 17:12:32,622 - BrowserEngine - INFO - The test server url is https://pmtest.chinacsci.com/zzxypmf/ 
2019-07-02 17:12:32,623 - BrowserEngine - INFO - The test username is "lidl" 
2019-07-02 17:12:46,666 - BrowserEngine - INFO - Starting Chorme browser 
2019-07-02 17:12:47,943 - BrowserEngine - INFO - Open url https://pmtest.chinacsci.com/zzxypmf/ 
2019-07-02 17:12:47,944 - BrowserEngine - INFO - Set implicitly wait 10 seconds 
2019-07-02 17:14:20,879 - BrowserEngine - INFO - You had select Chrome browser. 
2019-07-02 17:14:20,879 - BrowserEngine - INFO - The test server url is https://pmtest.chinacsci.com/zzxypmf/ 
2019-07-02 17:14:20,879 - BrowserEngine - INFO - The test username is "lidl" 
2019-07-02 17:14:29,841 - BrowserEngine - INFO - Starting Chorme browser 
2019-07-02 17:14:32,108 - BrowserEngine - INFO - Open url https://pmtest.chinacsci.com/zzxypmf/ 
2019-07-02 17:14:32,110 - BrowserEngine - INFO - Set implicitly wait 10 seconds 
2019-07-02 17:15:40,289 - BrowserEngine - INFO - You had select Chrome browser. 
2019-07-02 17:15:40,289 - BrowserEngine - INFO - The test server url is https://pmtest.chinacsci.com/zzxypmf/ 
2019-07-02 17:15:40,290 - BrowserEngine - INFO - The test username is "lidl" 
2019-07-02 17:15:50,223 - BrowserEngine - INFO - Starting Chorme browser 
2019-07-02 17:15:51,062 - BrowserEngine - INFO - Open url https://pmtest.chinacsci.com/zzxypmf/ 
2019-07-02 17:15:51,063 - BrowserEngine - INFO - Set implicitly wait 10 seconds 
2019-07-02 17:16:40,410 - BrowserEngine - INFO - You had select Chrome browser. 
2019-07-02 17:16:40,410 - BrowserEngine - INFO - The test server url is https://pmtest.chinacsci.com/zzxypmf/ 
2019-07-02 17:16:40,410 - BrowserEngine - INFO - The test username is "lidl" 
2019-07-02 17:16:54,366 - BrowserEngine - INFO - Starting Chorme browser 
2019-07-02 17:16:55,001 - BrowserEngine - INFO - Open url https://pmtest.chinacsci.com/zzxypmf/ 
2019-07-02 17:16:55,003 - BrowserEngine - INFO - Set implicitly wait 10 seconds 
2019-07-02 17:17:34,174 - BrowserEngine - INFO - You had select Chrome browser. 
2019-07-02 17:17:34,174 - BrowserEngine - INFO - The test server url is https://pmtest.chinacsci.com/zzxypmf/ 
2019-07-02 17:17:34,174 - BrowserEngine - INFO - The test username is "lidl" 
2019-07-02 17:17:38,848 - BrowserEngine - INFO - Starting Chorme browser 
2019-07-02 17:17:44,158 - BrowserEngine - INFO - Open url https://pmtest.chinacsci.com/zzxypmf/ 
2019-07-02 17:17:44,161 - BrowserEngine - INFO - Set implicitly wait 10 seconds 
2019-07-02 17:18:18,489 - BrowserEngine - INFO - You had select Chrome browser. 
2019-07-02 17:18:18,489 - BrowserEngine - INFO - The test server url is https://pmtest.chinacsci.com/zzxypmf/ 
2019-07-02 17:18:18,489 - BrowserEngine - INFO - The test username is "lidl" 
2019-07-02 17:18:25,311 - BrowserEngine - INFO - Starting Chorme browser 
2019-07-02 17:18:26,273 - BrowserEngine - INFO - Open url https://pmtest.chinacsci.com/zzxypmf/ 
2019-07-02 17:18:26,275 - BrowserEngine - INFO - Set implicitly wait 10 seconds 
2019-07-02 17:19:17,061 - BrowserEngine - INFO - You had select Chrome browser. 
2019-07-02 17:19:17,061 - BrowserEngine - INFO - The test server url is https://pmtest.chinacsci.com/zzxypmf/ 
2019-07-02 17:19:17,061 - BrowserEngine - INFO - The test username is "lidl" 
2019-07-02 17:19:27,931 - BrowserEngine - INFO - Starting Chorme browser 
2019-07-02 17:19:28,853 - BrowserEngine - INFO - Open url https://pmtest.chinacsci.com/zzxypmf/ 
2019-07-02 17:19:28,855 - BrowserEngine - INFO - Set implicitly wait 10 seconds 
2019-07-02 17:20:06,410 - BrowserEngine - INFO - You had select Chrome browser. 
2019-07-02 17:20:06,411 - BrowserEngine - INFO - The test server url is https://pmtest.chinacsci.com/zzxypmf/ 
2019-07-02 17:20:06,411 - BrowserEngine - INFO - The test username is "lidl" 
2019-07-02 17:20:16,358 - BrowserEngine - INFO - Starting Chorme browser 
2019-07-02 17:20:17,393 - BrowserEngine - INFO - Open url https://pmtest.chinacsci.com/zzxypmf/ 
2019-07-02 17:20:17,394 - BrowserEngine - INFO - Set implicitly wait 10 seconds 
2019-07-02 17:21:39,748 - BrowserEngine - INFO - You had select Chrome browser. 
2019-07-02 17:21:39,749 - BrowserEngine - INFO - The test server url is https://pmtest.chinacsci.com/zzxypmf/ 
2019-07-02 17:21:39,749 - BrowserEngine - INFO - The test username is "lidl" 
2019-07-02 17:21:47,034 - BrowserEngine - INFO - Starting Chorme browser 
2019-07-02 17:21:49,814 - BrowserEngine - INFO - Open url https://pmtest.chinacsci.com/zzxypmf/ 
2019-07-02 17:21:49,817 - BrowserEngine - INFO - Set implicitly wait 10 seconds 
2019-07-02 17:22:50,481 - BrowserEngine - INFO - You had select Chrome browser. 
2019-07-02 17:22:50,482 - BrowserEngine - INFO - The test server url is https://pmtest.chinacsci.com/zzxypmf/ 
2019-07-02 17:22:50,482 - BrowserEngine - INFO - The test username is "lidl" 
2019-07-02 17:23:00,320 - BrowserEngine - INFO - Starting Chorme browser 
2019-07-02 17:23:02,425 - BrowserEngine - INFO - Open url https://pmtest.chinacsci.com/zzxypmf/ 
2019-07-02 17:23:02,427 - BrowserEngine - INFO - Set implicitly wait 10 seconds 
2019-07-02 17:23:45,297 - BrowserEngine - INFO - You had select Chrome browser. 
2019-07-02 17:23:45,297 - BrowserEngine - INFO - The test server url is https://pmtest.chinacsci.com/zzxypmf/ 
2019-07-02 17:23:45,298 - BrowserEngine - INFO - The test username is "lidl" 
2019-07-02 17:24:01,485 - BrowserEngine - INFO - Starting Chorme browser 
2019-07-02 17:24:03,376 - BrowserEngine - INFO - Open url https://pmtest.chinacsci.com/zzxypmf/ 
2019-07-02 17:24:03,377 - BrowserEngine - INFO - Set implicitly wait 10 seconds 
