2019-07-03 08:36:56,573 - BrowserEngine - INFO - You had select Chrome browser. 
2019-07-03 08:36:56,574 - BrowserEngine - INFO - The test server url is https://pmtest.chinacsci.com/zzxypmf/ 
2019-07-03 08:36:56,574 - BrowserEngine - INFO - The test username is "lidl" 
2019-07-03 08:37:28,246 - BrowserEngine - INFO - Starting Chorme browser 
2019-07-03 08:37:52,502 - BrowserEngine - INFO - Open url https://pmtest.chinacsci.com/zzxypmf/ 
2019-07-03 08:37:52,541 - BrowserEngine - INFO - Set implicitly wait 10 seconds 
2019-07-03 08:39:14,104 - BrowserEngine - INFO - You had select Chrome browser. 
2019-07-03 08:39:14,105 - BrowserEngine - INFO - The test server url is https://pmtest.chinacsci.com/zzxypmf/ 
2019-07-03 08:39:14,105 - BrowserEngine - INFO - The test username is "lidl" 
2019-07-03 08:39:27,459 - BrowserEngine - INFO - Starting Chorme browser 
2019-07-03 08:39:31,630 - BrowserEngine - INFO - Open url https://pmtest.chinacsci.com/zzxypmf/ 
2019-07-03 08:39:31,632 - BrowserEngine - INFO - Set implicitly wait 10 seconds 
2019-07-03 08:40:42,704 - BrowserEngine - INFO - You had select Chrome browser. 
2019-07-03 08:40:42,704 - BrowserEngine - INFO - The test server url is https://pmtest.chinacsci.com/zzxypmf/ 
2019-07-03 08:40:42,705 - BrowserEngine - INFO - The test username is "lidl" 
2019-07-03 08:40:51,101 - BrowserEngine - INFO - Starting Chorme browser 
2019-07-03 08:40:56,550 - BrowserEngine - INFO - Open url https://pmtest.chinacsci.com/zzxypmf/ 
2019-07-03 08:40:56,554 - BrowserEngine - INFO - Set implicitly wait 10 seconds 
2019-07-03 08:41:57,429 - BrowserEngine - INFO - You had select Chrome browser. 
2019-07-03 08:41:57,430 - BrowserEngine - INFO - The test server url is https://pmtest.chinacsci.com/zzxypmf/ 
2019-07-03 08:41:57,430 - BrowserEngine - INFO - The test username is "lidl" 
2019-07-03 08:42:07,582 - BrowserEngine - INFO - Starting Chorme browser 
2019-07-03 08:42:09,249 - BrowserEngine - INFO - Open url https://pmtest.chinacsci.com/zzxypmf/ 
2019-07-03 08:42:09,254 - BrowserEngine - INFO - Set implicitly wait 10 seconds 
2019-07-03 08:42:54,078 - BrowserEngine - INFO - You had select Chrome browser. 
2019-07-03 08:42:54,078 - BrowserEngine - INFO - The test server url is https://pmtest.chinacsci.com/zzxypmf/ 
2019-07-03 08:42:54,079 - BrowserEngine - INFO - The test username is "lidl" 
2019-07-03 08:43:04,365 - BrowserEngine - INFO - Starting Chorme browser 
2019-07-03 08:43:05,546 - BrowserEngine - INFO - Open url https://pmtest.chinacsci.com/zzxypmf/ 
2019-07-03 08:43:05,548 - BrowserEngine - INFO - Set implicitly wait 10 seconds 
2019-07-03 08:44:07,609 - BrowserEngine - INFO - You had select Chrome browser. 
2019-07-03 08:44:07,609 - BrowserEngine - INFO - The test server url is https://pmtest.chinacsci.com/zzxypmf/ 
2019-07-03 08:44:07,609 - BrowserEngine - INFO - The test username is "lidl" 
2019-07-03 08:44:15,810 - BrowserEngine - INFO - Starting Chorme browser 
2019-07-03 08:44:18,415 - BrowserEngine - INFO - Open url https://pmtest.chinacsci.com/zzxypmf/ 
2019-07-03 08:44:18,415 - BrowserEngine - INFO - Set implicitly wait 10 seconds 
2019-07-03 08:45:21,088 - BrowserEngine - INFO - You had select Chrome browser. 
2019-07-03 08:45:21,088 - BrowserEngine - INFO - The test server url is https://pmtest.chinacsci.com/zzxypmf/ 
2019-07-03 08:45:21,088 - BrowserEngine - INFO - The test username is "lidl" 
2019-07-03 08:45:34,352 - BrowserEngine - INFO - Starting Chorme browser 
2019-07-03 08:45:37,325 - BrowserEngine - INFO - Open url https://pmtest.chinacsci.com/zzxypmf/ 
2019-07-03 08:45:37,326 - BrowserEngine - INFO - Set implicitly wait 10 seconds 
2019-07-03 08:46:47,220 - BrowserEngine - INFO - You had select Chrome browser. 
2019-07-03 08:46:47,220 - BrowserEngine - INFO - The test server url is https://pmtest.chinacsci.com/zzxypmf/ 
2019-07-03 08:46:47,221 - BrowserEngine - INFO - The test username is "lidl" 
2019-07-03 08:47:06,315 - BrowserEngine - INFO - Starting Chorme browser 
2019-07-03 08:47:08,461 - BrowserEngine - INFO - Open url https://pmtest.chinacsci.com/zzxypmf/ 
2019-07-03 08:47:08,474 - BrowserEngine - INFO - Set implicitly wait 10 seconds 
2019-07-03 08:48:48,061 - BrowserEngine - INFO - You had select Chrome browser. 
2019-07-03 08:48:48,061 - BrowserEngine - INFO - The test server url is https://pmtest.chinacsci.com/zzxypmf/ 
2019-07-03 08:48:48,061 - BrowserEngine - INFO - The test username is "lidl" 
2019-07-03 08:48:58,774 - BrowserEngine - INFO - Starting Chorme browser 
2019-07-03 08:49:01,280 - BrowserEngine - INFO - Open url https://pmtest.chinacsci.com/zzxypmf/ 
2019-07-03 08:49:01,283 - BrowserEngine - INFO - Set implicitly wait 10 seconds 
