2019-06-27 15:54:26,312 - BrowserEngine - INFO - You had select Chrome browser. 
2019-06-27 15:54:26,320 - BrowserEngine - INFO - The test server url is https://pmtest.chinacsci.com/zzxypmf/ 
2019-06-27 15:54:26,320 - BrowserEngine - INFO - The test username is "lidl" 
2019-06-27 15:54:47,207 - BrowserEngine - INFO - Starting Chorme browser 
2019-06-27 15:54:49,916 - BrowserEngine - INFO - Open url https://pmtest.chinacsci.com/zzxypmf/ 
2019-06-27 15:54:49,995 - BrowserEngine - INFO - Set implicitly wait 10 seconds 
2019-06-27 15:56:58,585 - BrowserEngine - INFO - You had select Chrome browser. 
2019-06-27 15:56:58,587 - BrowserEngine - INFO - The test server url is https://pmtest.chinacsci.com/zzxypmf/ 
2019-06-27 15:56:58,588 - BrowserEngine - INFO - The test username is "lidl" 
2019-06-27 15:57:08,195 - BrowserEngine - INFO - Starting Chorme browser 
2019-06-27 15:57:11,840 - BrowserEngine - INFO - Open url https://pmtest.chinacsci.com/zzxypmf/ 
2019-06-27 15:57:11,842 - BrowserEngine - INFO - Set implicitly wait 10 seconds 
2019-06-27 15:58:12,890 - BrowserEngine - INFO - You had select Chrome browser. 
2019-06-27 15:58:12,890 - BrowserEngine - INFO - The test server url is https://pmtest.chinacsci.com/zzxypmf/ 
2019-06-27 15:58:12,891 - BrowserEngine - INFO - The test username is "lidl" 
2019-06-27 15:58:23,883 - BrowserEngine - INFO - Starting Chorme browser 
2019-06-27 15:58:28,723 - BrowserEngine - INFO - Open url https://pmtest.chinacsci.com/zzxypmf/ 
2019-06-27 15:58:28,727 - BrowserEngine - INFO - Set implicitly wait 10 seconds 
2019-06-27 16:00:12,197 - BrowserEngine - INFO - You had select Chrome browser. 
2019-06-27 16:00:12,197 - BrowserEngine - INFO - The test server url is https://pmtest.chinacsci.com/zzxypmf/ 
2019-06-27 16:00:12,197 - BrowserEngine - INFO - The test username is "lidl" 
2019-06-27 16:00:20,702 - BrowserEngine - INFO - Starting Chorme browser 
2019-06-27 16:00:23,767 - BrowserEngine - INFO - Open url https://pmtest.chinacsci.com/zzxypmf/ 
2019-06-27 16:00:23,768 - BrowserEngine - INFO - Set implicitly wait 10 seconds 
2019-06-27 16:01:35,232 - BrowserEngine - INFO - You had select Chrome browser. 
2019-06-27 16:01:35,232 - BrowserEngine - INFO - The test server url is https://pmtest.chinacsci.com/zzxypmf/ 
2019-06-27 16:01:35,232 - BrowserEngine - INFO - The test username is "lidl" 
2019-06-27 16:01:44,168 - BrowserEngine - INFO - Starting Chorme browser 
2019-06-27 16:01:47,999 - BrowserEngine - INFO - Open url https://pmtest.chinacsci.com/zzxypmf/ 
2019-06-27 16:01:48,008 - BrowserEngine - INFO - Set implicitly wait 10 seconds 
2019-06-27 16:02:58,076 - BrowserEngine - INFO - You had select Chrome browser. 
2019-06-27 16:02:58,077 - BrowserEngine - INFO - The test server url is https://pmtest.chinacsci.com/zzxypmf/ 
2019-06-27 16:02:58,077 - BrowserEngine - INFO - The test username is "lidl" 
2019-06-27 16:03:11,141 - BrowserEngine - INFO - Starting Chorme browser 
2019-06-27 16:03:16,051 - BrowserEngine - INFO - Open url https://pmtest.chinacsci.com/zzxypmf/ 
2019-06-27 16:03:16,055 - BrowserEngine - INFO - Set implicitly wait 10 seconds 
2019-06-27 16:04:14,418 - BrowserEngine - INFO - You had select Chrome browser. 
2019-06-27 16:04:14,418 - BrowserEngine - INFO - The test server url is https://pmtest.chinacsci.com/zzxypmf/ 
2019-06-27 16:04:14,419 - BrowserEngine - INFO - The test username is "lidl" 
2019-06-27 16:04:19,640 - BrowserEngine - INFO - Starting Chorme browser 
2019-06-27 16:04:24,694 - BrowserEngine - INFO - Open url https://pmtest.chinacsci.com/zzxypmf/ 
2019-06-27 16:04:24,696 - BrowserEngine - INFO - Set implicitly wait 10 seconds 
2019-06-27 16:05:18,224 - BrowserEngine - INFO - You had select Chrome browser. 
2019-06-27 16:05:18,225 - BrowserEngine - INFO - The test server url is https://pmtest.chinacsci.com/zzxypmf/ 
2019-06-27 16:05:18,225 - BrowserEngine - INFO - The test username is "lidl" 
2019-06-27 16:05:28,486 - BrowserEngine - INFO - Starting Chorme browser 
2019-06-27 16:05:32,799 - BrowserEngine - INFO - Open url https://pmtest.chinacsci.com/zzxypmf/ 
2019-06-27 16:05:32,803 - BrowserEngine - INFO - Set implicitly wait 10 seconds 
2019-06-27 16:06:26,199 - BrowserEngine - INFO - You had select Chrome browser. 
2019-06-27 16:06:26,199 - BrowserEngine - INFO - The test server url is https://pmtest.chinacsci.com/zzxypmf/ 
2019-06-27 16:06:26,200 - BrowserEngine - INFO - The test username is "lidl" 
2019-06-27 16:06:43,600 - BrowserEngine - INFO - Starting Chorme browser 
2019-06-27 16:06:46,928 - BrowserEngine - INFO - Open url https://pmtest.chinacsci.com/zzxypmf/ 
2019-06-27 16:06:46,929 - BrowserEngine - INFO - Set implicitly wait 10 seconds 
