2019-06-27 17:12:17,144 - BrowserEngine - INFO - You had select Chrome browser. 
2019-06-27 17:12:17,145 - BrowserEngine - INFO - The test server url is https://pmtest.chinacsci.com/zzxypmf/ 
2019-06-27 17:12:17,145 - BrowserEngine - INFO - The test username is "lidl" 
2019-06-27 17:12:25,885 - BrowserEngine - INFO - Starting Chorme browser 
2019-06-27 17:12:38,545 - BrowserEngine - INFO - Open url https://pmtest.chinacsci.com/zzxypmf/ 
2019-06-27 17:12:38,548 - BrowserEngine - INFO - Set implicitly wait 10 seconds 
2019-06-27 17:13:44,361 - BrowserEngine - INFO - You had select Chrome browser. 
2019-06-27 17:13:44,391 - BrowserEngine - INFO - The test server url is https://pmtest.chinacsci.com/zzxypmf/ 
2019-06-27 17:13:44,391 - BrowserEngine - INFO - The test username is "lidl" 
2019-06-27 17:13:54,424 - BrowserEngine - INFO - Starting Chorme browser 
2019-06-27 17:13:58,694 - BrowserEngine - INFO - Open url https://pmtest.chinacsci.com/zzxypmf/ 
2019-06-27 17:13:58,695 - BrowserEngine - INFO - Set implicitly wait 10 seconds 
2019-06-27 17:14:55,609 - BrowserEngine - INFO - You had select Chrome browser. 
2019-06-27 17:14:55,609 - BrowserEngine - INFO - The test server url is https://pmtest.chinacsci.com/zzxypmf/ 
2019-06-27 17:14:55,610 - BrowserEngine - INFO - The test username is "lidl" 
2019-06-27 17:15:04,002 - BrowserEngine - INFO - Starting Chorme browser 
2019-06-27 17:15:07,104 - BrowserEngine - INFO - Open url https://pmtest.chinacsci.com/zzxypmf/ 
2019-06-27 17:15:07,106 - BrowserEngine - INFO - Set implicitly wait 10 seconds 
2019-06-27 17:16:13,307 - BrowserEngine - INFO - You had select Chrome browser. 
2019-06-27 17:16:13,308 - BrowserEngine - INFO - The test server url is https://pmtest.chinacsci.com/zzxypmf/ 
2019-06-27 17:16:13,308 - BrowserEngine - INFO - The test username is "lidl" 
2019-06-27 17:16:23,794 - BrowserEngine - INFO - Starting Chorme browser 
2019-06-27 17:16:30,047 - BrowserEngine - INFO - Open url https://pmtest.chinacsci.com/zzxypmf/ 
2019-06-27 17:16:30,050 - BrowserEngine - INFO - Set implicitly wait 10 seconds 
2019-06-27 17:17:45,808 - BrowserEngine - INFO - You had select Chrome browser. 
2019-06-27 17:17:45,808 - BrowserEngine - INFO - The test server url is https://pmtest.chinacsci.com/zzxypmf/ 
2019-06-27 17:17:45,809 - BrowserEngine - INFO - The test username is "lidl" 
2019-06-27 17:17:57,678 - BrowserEngine - INFO - Starting Chorme browser 
